[0m16:40:33.065371 [debug] [MainThread]: Sending event: {'category': 'dbt', 'action': 'invocation', 'label': 'start', 'context': [<snowplow_tracker.self_describing_json.SelfDescribingJson object at 0x1072be0a0>, <snowplow_tracker.self_describing_json.SelfDescribingJson object at 0x11b050ee0>, <snowplow_tracker.self_describing_json.SelfDescribingJson object at 0x11b0502b0>]}


============================== 16:40:33.068914 | 36c8e5de-02b3-4567-8415-586521926364 ==============================
[0m16:40:33.068914 [info ] [MainThread]: Running with dbt=1.9.2
[0m16:40:33.069286 [debug] [MainThread]: running dbt with arguments {'printer_width': '80', 'indirect_selection': 'eager', 'log_cache_events': 'False', 'write_json': 'True', 'partial_parse': 'True', 'cache_selected_only': 'False', 'profiles_dir': '/Users/alexanderwade-smith/.dbt', 'version_check': 'True', 'fail_fast': 'False', 'log_path': 'logs', 'warn_error': 'None', 'debug': 'False', 'use_colors': 'True', 'use_experimental_parser': 'False', 'no_print': 'None', 'quiet': 'False', 'empty': 'None', 'log_format': 'default', 'introspect': 'True', 'invocation_command': 'dbt init', 'warn_error_options': 'WarnErrorOptions(include=[], exclude=[])', 'target_path': 'None', 'static_parser': 'True', 'send_anonymous_usage_stats': 'True'}
[0m16:40:55.318991 [debug] [MainThread]: Starter project path: /Users/alexanderwade-smith/virtual_envs/dbt1.9/lib/python3.9/site-packages/dbt/include/starter_project
[0m16:40:55.336391 [info ] [MainThread]: 
Your new dbt project "analytics_engineering" was created!

For more information on how to configure the profiles.yml file,
please consult the dbt documentation here:

  https://docs.getdbt.com/docs/configure-your-profile

One more thing:

Need help? Don't hesitate to reach out to us via GitHub issues or on Slack:

  https://community.getdbt.com/

Happy modeling!

[0m16:40:55.337278 [info ] [MainThread]: Setting up your profile.
[0m16:44:11.434029 [info ] [MainThread]: Profile analytics_engineering written to /Users/alexanderwade-smith/.dbt/profiles.yml using target's profile_template.yml and your supplied values. Run 'dbt debug' to validate the connection.
[0m16:44:11.444484 [debug] [MainThread]: Resource report: {"command_name": "init", "command_success": true, "command_wall_clock_time": 218.439, "process_in_blocks": "0", "process_kernel_time": 1.043297, "process_mem_max_rss": "188956672", "process_out_blocks": "0", "process_user_time": 2.643614}
[0m16:44:11.445592 [debug] [MainThread]: Command `dbt init` succeeded at 16:44:11.445384 after 218.44 seconds
[0m16:44:11.446637 [debug] [MainThread]: Sending event: {'category': 'dbt', 'action': 'invocation', 'label': 'end', 'context': [<snowplow_tracker.self_describing_json.SelfDescribingJson object at 0x1072be0a0>, <snowplow_tracker.self_describing_json.SelfDescribingJson object at 0x1187f66d0>, <snowplow_tracker.self_describing_json.SelfDescribingJson object at 0x11b0d5a00>]}
[0m16:44:11.447556 [debug] [MainThread]: Flushing usage events
[0m16:44:11.853520 [debug] [MainThread]: An error was encountered while trying to flush usage events
[0m16:44:21.199360 [debug] [MainThread]: Sending event: {'category': 'dbt', 'action': 'invocation', 'label': 'start', 'context': [<snowplow_tracker.self_describing_json.SelfDescribingJson object at 0x105456d30>, <snowplow_tracker.self_describing_json.SelfDescribingJson object at 0x1062edf10>, <snowplow_tracker.self_describing_json.SelfDescribingJson object at 0x1062edbe0>]}


============================== 16:44:21.202237 | e3590f9f-13ff-4cf4-aceb-9b9f018e51ab ==============================
[0m16:44:21.202237 [info ] [MainThread]: Running with dbt=1.9.2
[0m16:44:21.202616 [debug] [MainThread]: running dbt with arguments {'printer_width': '80', 'indirect_selection': 'eager', 'write_json': 'True', 'log_cache_events': 'False', 'partial_parse': 'True', 'cache_selected_only': 'False', 'profiles_dir': '/Users/alexanderwade-smith/.dbt', 'fail_fast': 'False', 'warn_error': 'None', 'log_path': 'logs', 'debug': 'False', 'version_check': 'True', 'use_colors': 'True', 'use_experimental_parser': 'False', 'empty': 'None', 'quiet': 'False', 'no_print': 'None', 'warn_error_options': 'WarnErrorOptions(include=[], exclude=[])', 'introspect': 'True', 'static_parser': 'True', 'invocation_command': 'dbt debug', 'target_path': 'None', 'log_format': 'default', 'send_anonymous_usage_stats': 'True'}
[0m16:44:21.211980 [info ] [MainThread]: dbt version: 1.9.2
[0m16:44:21.212274 [info ] [MainThread]: python version: 3.9.13
[0m16:44:21.212458 [info ] [MainThread]: python path: /Users/alexanderwade-smith/virtual_envs/dbt1.9/bin/python
[0m16:44:21.212776 [info ] [MainThread]: os info: macOS-12.4-arm64-arm-64bit
[0m16:44:21.743639 [info ] [MainThread]: Using profiles dir at /Users/alexanderwade-smith/.dbt
[0m16:44:21.744015 [info ] [MainThread]: Using profiles.yml file at /Users/alexanderwade-smith/.dbt/profiles.yml
[0m16:44:21.744203 [info ] [MainThread]: Using dbt_project.yml file at /Users/alexanderwade-smith/dbt-repo/manual-take-home/dbt_project.yml
[0m16:44:21.744469 [info ] [MainThread]: adapter type: bigquery
[0m16:44:21.744660 [info ] [MainThread]: adapter version: 1.9.1
[0m16:44:21.744837 [info ] [MainThread]: Configuration:
[0m16:44:21.745003 [info ] [MainThread]:   profiles.yml file [[32mOK found and valid[0m]
[0m16:44:21.745163 [info ] [MainThread]:   dbt_project.yml file [[31mERROR not found[0m]
[0m16:44:21.745318 [info ] [MainThread]: Required dependencies:
[0m16:44:21.745512 [debug] [MainThread]: Executing "git --help"
[0m16:44:21.762171 [debug] [MainThread]: STDOUT: "b"usage: git [-v | --version] [-h | --help] [-C <path>] [-c <name>=<value>]\n           [--exec-path[=<path>]] [--html-path] [--man-path] [--info-path]\n           [-p | --paginate | -P | --no-pager] [--no-replace-objects] [--bare]\n           [--git-dir=<path>] [--work-tree=<path>] [--namespace=<name>]\n           [--super-prefix=<path>] [--config-env=<name>=<envvar>]\n           <command> [<args>]\n\nThese are common Git commands used in various situations:\n\nstart a working area (see also: git help tutorial)\n   clone     Clone a repository into a new directory\n   init      Create an empty Git repository or reinitialize an existing one\n\nwork on the current change (see also: git help everyday)\n   add       Add file contents to the index\n   mv        Move or rename a file, a directory, or a symlink\n   restore   Restore working tree files\n   rm        Remove files from the working tree and from the index\n\nexamine the history and state (see also: git help revisions)\n   bisect    Use binary search to find the commit that introduced a bug\n   diff      Show changes between commits, commit and working tree, etc\n   grep      Print lines matching a pattern\n   log       Show commit logs\n   show      Show various types of objects\n   status    Show the working tree status\n\ngrow, mark and tweak your common history\n   branch    List, create, or delete branches\n   commit    Record changes to the repository\n   merge     Join two or more development histories together\n   rebase    Reapply commits on top of another base tip\n   reset     Reset current HEAD to the specified state\n   switch    Switch branches\n   tag       Create, list, delete or verify a tag object signed with GPG\n\ncollaborate (see also: git help workflows)\n   fetch     Download objects and refs from another repository\n   pull      Fetch from and integrate with another repository or a local branch\n   push      Update remote refs along with associated objects\n\n'git help -a' and 'git help -g' list available subcommands and some\nconcept guides. See 'git help <command>' or 'git help <concept>'\nto read about a specific subcommand or concept.\nSee 'git help git' for an overview of the system.\n""
[0m16:44:21.762956 [debug] [MainThread]: STDERR: "b''"
[0m16:44:21.763254 [info ] [MainThread]:  - git [[32mOK found[0m]

[0m16:44:21.763536 [info ] [MainThread]: Connection:
[0m16:44:21.763834 [info ] [MainThread]:   method: oauth
[0m16:44:21.763998 [info ] [MainThread]:   database: manual-take-home
[0m16:44:21.764155 [info ] [MainThread]:   execution_project: manual-take-home
[0m16:44:21.764319 [info ] [MainThread]:   schema: manual_clean
[0m16:44:21.764474 [info ] [MainThread]:   location: EU
[0m16:44:21.764625 [info ] [MainThread]:   priority: interactive
[0m16:44:21.764784 [info ] [MainThread]:   maximum_bytes_billed: None
[0m16:44:21.764932 [info ] [MainThread]:   impersonate_service_account: None
[0m16:44:21.765094 [info ] [MainThread]:   job_retry_deadline_seconds: None
[0m16:44:21.765246 [info ] [MainThread]:   job_retries: 1
[0m16:44:21.765394 [info ] [MainThread]:   job_creation_timeout_seconds: None
[0m16:44:21.765549 [info ] [MainThread]:   job_execution_timeout_seconds: 300
[0m16:44:21.765705 [info ] [MainThread]:   timeout_seconds: 300
[0m16:44:21.765851 [info ] [MainThread]:   client_id: None
[0m16:44:21.766012 [info ] [MainThread]:   token_uri: None
[0m16:44:21.766160 [info ] [MainThread]:   dataproc_region: None
[0m16:44:21.766312 [info ] [MainThread]:   dataproc_cluster_name: None
[0m16:44:21.766464 [info ] [MainThread]:   gcs_bucket: None
[0m16:44:21.766610 [info ] [MainThread]:   dataproc_batch: None
[0m16:44:21.767134 [info ] [MainThread]: Registered adapter: bigquery=1.9.1
[0m16:44:21.853029 [debug] [MainThread]: Acquiring new bigquery connection 'debug'
[0m16:44:21.853509 [debug] [MainThread]: On debug: select 1 as id
[0m16:44:21.853717 [debug] [MainThread]: Opening a new connection, currently in state init
[0m16:44:30.844894 [debug] [MainThread]: BigQuery adapter: Got an error when attempting to create a bigquery " "client: 'Runtime Error
  Failed to authenticate with supplied credentials
  error:
  Your default credentials were not found. To set up Application Default Credentials, see https://cloud.google.com/docs/authentication/external/set-up-adc for more information.'
[0m16:44:30.847000 [debug] [MainThread]: BigQuery adapter: Unhandled error while running:
select 1 as id
[0m16:44:30.847629 [debug] [MainThread]: BigQuery adapter: Database Error
  Runtime Error
    Failed to authenticate with supplied credentials
    error:
    Your default credentials were not found. To set up Application Default Credentials, see https://cloud.google.com/docs/authentication/external/set-up-adc for more information.
[0m16:44:30.848504 [info ] [MainThread]:   Connection test: [[31mERROR[0m]

[0m16:44:30.849941 [info ] [MainThread]: [31m2 checks failed:[0m
[0m16:44:30.851113 [info ] [MainThread]: Project loading failed for the following reason:
 project path </Users/alexanderwade-smith/dbt-repo/manual-take-home/dbt_project.yml> not found

[0m16:44:30.851856 [info ] [MainThread]: dbt was unable to connect to the specified database.
The database returned the following error:

  >'NoneType' object has no attribute 'close'

Check your database credentials and try again. For more information, visit:
https://docs.getdbt.com/docs/configure-your-profile


[0m16:44:30.853729 [debug] [MainThread]: Resource report: {"command_name": "debug", "command_success": false, "command_wall_clock_time": 9.700332, "process_in_blocks": "0", "process_kernel_time": 0.711186, "process_mem_max_rss": "183336960", "process_out_blocks": "0", "process_user_time": 2.241384}
[0m16:44:30.854540 [debug] [MainThread]: Command `dbt debug` failed at 16:44:30.854367 after 9.70 seconds
[0m16:44:30.855318 [debug] [MainThread]: Sending event: {'category': 'dbt', 'action': 'invocation', 'label': 'end', 'context': [<snowplow_tracker.self_describing_json.SelfDescribingJson object at 0x105456d30>, <snowplow_tracker.self_describing_json.SelfDescribingJson object at 0x11dfa1c40>, <snowplow_tracker.self_describing_json.SelfDescribingJson object at 0x11dfa1d60>]}
[0m16:44:30.856037 [debug] [MainThread]: Flushing usage events
[0m16:44:31.217525 [debug] [MainThread]: An error was encountered while trying to flush usage events
[0m17:01:07.780614 [debug] [MainThread]: Sending event: {'category': 'dbt', 'action': 'invocation', 'label': 'start', 'context': [<snowplow_tracker.self_describing_json.SelfDescribingJson object at 0x103526d90>, <snowplow_tracker.self_describing_json.SelfDescribingJson object at 0x1043ca100>, <snowplow_tracker.self_describing_json.SelfDescribingJson object at 0x1043ca430>]}


============================== 17:01:07.784196 | 033b6c8e-94fa-4985-86b1-5a79715b0622 ==============================
[0m17:01:07.784196 [info ] [MainThread]: Running with dbt=1.9.2
[0m17:01:07.784612 [debug] [MainThread]: running dbt with arguments {'printer_width': '80', 'indirect_selection': 'eager', 'write_json': 'True', 'log_cache_events': 'False', 'partial_parse': 'True', 'cache_selected_only': 'False', 'profiles_dir': '/Users/alexanderwade-smith/.dbt', 'version_check': 'True', 'fail_fast': 'False', 'log_path': 'logs', 'warn_error': 'None', 'debug': 'False', 'use_colors': 'True', 'use_experimental_parser': 'False', 'empty': 'None', 'quiet': 'False', 'no_print': 'None', 'warn_error_options': 'WarnErrorOptions(include=[], exclude=[])', 'static_parser': 'True', 'log_format': 'default', 'invocation_command': 'dbt init', 'target_path': 'None', 'introspect': 'True', 'send_anonymous_usage_stats': 'True'}
[0m17:01:13.160234 [debug] [MainThread]: Starter project path: /Users/alexanderwade-smith/virtual_envs/dbt1.9/lib/python3.9/site-packages/dbt/include/starter_project
[0m17:01:13.170924 [info ] [MainThread]: 
Your new dbt project "analytics_engineering" was created!

For more information on how to configure the profiles.yml file,
please consult the dbt documentation here:

  https://docs.getdbt.com/docs/configure-your-profile

One more thing:

Need help? Don't hesitate to reach out to us via GitHub issues or on Slack:

  https://community.getdbt.com/

Happy modeling!

[0m17:01:13.171781 [info ] [MainThread]: Setting up your profile.
[0m17:05:35.830512 [info ] [MainThread]: Profile analytics_engineering written to /Users/alexanderwade-smith/.dbt/profiles.yml using target's profile_template.yml and your supplied values. Run 'dbt debug' to validate the connection.
[0m17:05:35.836486 [debug] [MainThread]: Resource report: {"command_name": "init", "command_success": true, "command_wall_clock_time": 268.10864, "process_in_blocks": "0", "process_kernel_time": 0.726019, "process_mem_max_rss": "177586176", "process_out_blocks": "0", "process_user_time": 2.421689}
[0m17:05:35.837924 [debug] [MainThread]: Command `dbt init` succeeded at 17:05:35.837790 after 268.11 seconds
[0m17:05:35.838687 [debug] [MainThread]: Sending event: {'category': 'dbt', 'action': 'invocation', 'label': 'end', 'context': [<snowplow_tracker.self_describing_json.SelfDescribingJson object at 0x103526d90>, <snowplow_tracker.self_describing_json.SelfDescribingJson object at 0x10441fe50>, <snowplow_tracker.self_describing_json.SelfDescribingJson object at 0x1043cae20>]}
[0m17:05:35.839210 [debug] [MainThread]: Flushing usage events
[0m17:05:36.236646 [debug] [MainThread]: An error was encountered while trying to flush usage events
[0m16:25:18.191221 [debug] [MainThread]: Sending event: {'category': 'dbt', 'action': 'invocation', 'label': 'start', 'context': [<snowplow_tracker.self_describing_json.SelfDescribingJson object at 0x1039a6df0>, <snowplow_tracker.self_describing_json.SelfDescribingJson object at 0x10525f130>, <snowplow_tracker.self_describing_json.SelfDescribingJson object at 0x10525f460>]}


============================== 16:25:18.194400 | 9be63e32-0ecd-48f7-90af-c1d8db5a68fd ==============================
[0m16:25:18.194400 [info ] [MainThread]: Running with dbt=1.9.2
[0m16:25:18.194812 [debug] [MainThread]: running dbt with arguments {'printer_width': '80', 'indirect_selection': 'eager', 'log_cache_events': 'False', 'write_json': 'True', 'partial_parse': 'True', 'cache_selected_only': 'False', 'profiles_dir': '/Users/alexanderwade-smith/.dbt', 'debug': 'False', 'warn_error': 'None', 'log_path': 'logs', 'version_check': 'True', 'fail_fast': 'False', 'use_colors': 'True', 'use_experimental_parser': 'False', 'empty': 'None', 'quiet': 'False', 'no_print': 'None', 'log_format': 'default', 'introspect': 'True', 'warn_error_options': 'WarnErrorOptions(include=[], exclude=[])', 'invocation_command': 'dbt clean', 'target_path': 'None', 'static_parser': 'True', 'send_anonymous_usage_stats': 'True'}
[0m16:25:18.195355 [error] [MainThread]: Encountered an error:
Runtime Error
  No dbt_project.yml found at expected path /Users/alexanderwade-smith/dbt-repo/manual-take-home/dbt_project.yml
  Verify that each entry within packages.yml (and their transitive dependencies) contains a file named dbt_project.yml
  
[0m16:25:18.195931 [debug] [MainThread]: Resource report: {"command_name": "clean", "command_success": false, "command_wall_clock_time": 0.041011125, "process_in_blocks": "0", "process_kernel_time": 0.074211, "process_mem_max_rss": "92815360", "process_out_blocks": "0", "process_user_time": 0.643182}
[0m16:25:18.196204 [debug] [MainThread]: Command `dbt clean` failed at 16:25:18.196147 after 0.04 seconds
[0m16:25:18.196435 [debug] [MainThread]: Sending event: {'category': 'dbt', 'action': 'invocation', 'label': 'end', 'context': [<snowplow_tracker.self_describing_json.SelfDescribingJson object at 0x1039a6df0>, <snowplow_tracker.self_describing_json.SelfDescribingJson object at 0x10525f460>, <snowplow_tracker.self_describing_json.SelfDescribingJson object at 0x10525fca0>]}
[0m16:25:18.196660 [debug] [MainThread]: Flushing usage events
[0m16:25:18.567011 [debug] [MainThread]: An error was encountered while trying to flush usage events
